mode: atomic
github.com/m3hm3t/account-client-api/internal/pkg/rest/client/getter/provider.go:8.43,10.16 2 0
github.com/m3hm3t/account-client-api/internal/pkg/rest/client/getter/provider.go:14.2,14.51 1 0
github.com/m3hm3t/account-client-api/internal/pkg/rest/client/getter/provider.go:10.16,11.13 1 0
github.com/m3hm3t/account-client-api/internal/pkg/rest/client/poster/provider.go:8.40,10.16 2 0
github.com/m3hm3t/account-client-api/internal/pkg/rest/client/poster/provider.go:14.2,14.51 1 0
github.com/m3hm3t/account-client-api/internal/pkg/rest/client/poster/provider.go:10.16,11.13 1 0
github.com/m3hm3t/account-client-api/internal/pkg/rest/adapter/account/deleter/adapter.go:14.71,19.2 1 2
github.com/m3hm3t/account-client-api/internal/pkg/rest/adapter/account/deleter/adapter.go:21.80,25.16 3 2
github.com/m3hm3t/account-client-api/internal/pkg/rest/adapter/account/deleter/adapter.go:29.2,29.28 1 1
github.com/m3hm3t/account-client-api/internal/pkg/rest/adapter/account/deleter/adapter.go:25.16,27.3 1 1
github.com/m3hm3t/account-client-api/internal/pkg/rest/client/deleter/errors.go:10.79,12.2 1 0
github.com/m3hm3t/account-client-api/internal/pkg/rest/client/getter/errors.go:10.79,12.2 1 0
github.com/m3hm3t/account-client-api/internal/pkg/rest/adapter/account/fetcher/provider.go:5.73,7.2 1 0
github.com/m3hm3t/account-client-api/internal/pkg/rest/adapter/account/fetcher/provider.go:8.46,11.2 2 0
github.com/m3hm3t/account-client-api/internal/pkg/rest/adapter/account/creator/adapter.go:16.62,21.2 1 0
github.com/m3hm3t/account-client-api/internal/pkg/rest/adapter/account/creator/adapter.go:23.104,26.16 2 0
github.com/m3hm3t/account-client-api/internal/pkg/rest/adapter/account/creator/adapter.go:30.2,30.42 1 0
github.com/m3hm3t/account-client-api/internal/pkg/rest/adapter/account/creator/adapter.go:34.2,34.71 1 0
github.com/m3hm3t/account-client-api/internal/pkg/rest/adapter/account/creator/adapter.go:38.2,38.12 1 0
github.com/m3hm3t/account-client-api/internal/pkg/rest/adapter/account/creator/adapter.go:26.16,28.3 1 0
github.com/m3hm3t/account-client-api/internal/pkg/rest/adapter/account/creator/adapter.go:30.42,32.3 1 0
github.com/m3hm3t/account-client-api/internal/pkg/rest/adapter/account/creator/adapter.go:34.71,36.3 1 0
github.com/m3hm3t/account-client-api/internal/pkg/rest/adapter/account/creator/adapter.go:41.94,44.16 2 0
github.com/m3hm3t/account-client-api/internal/pkg/rest/adapter/account/creator/adapter.go:48.2,48.12 1 0
github.com/m3hm3t/account-client-api/internal/pkg/rest/adapter/account/creator/adapter.go:44.16,46.3 1 0
github.com/m3hm3t/account-client-api/internal/pkg/rest/adapter/account/fetcher/test/mock_getter_client.go:24.65,28.2 3 0
github.com/m3hm3t/account-client-api/internal/pkg/rest/adapter/account/fetcher/test/mock_getter_client.go:31.63,33.2 1 0
github.com/m3hm3t/account-client-api/internal/pkg/rest/adapter/account/fetcher/test/mock_getter_client.go:36.74,43.2 6 0
github.com/m3hm3t/account-client-api/internal/pkg/rest/adapter/account/fetcher/test/mock_getter_client.go:46.84,49.2 2 0
github.com/m3hm3t/account-client-api/internal/pkg/examples/fetch_error.go:10.13,19.16 5 0
github.com/m3hm3t/account-client-api/internal/pkg/examples/fetch_error.go:24.2,26.16 3 0
github.com/m3hm3t/account-client-api/internal/pkg/examples/fetch_error.go:19.16,21.3 1 0
github.com/m3hm3t/account-client-api/internal/pkg/examples/fetch_error.go:26.16,28.3 1 0
github.com/m3hm3t/account-client-api/internal/pkg/rest/client/poster/errors.go:10.79,12.2 1 0
github.com/m3hm3t/account-client-api/internal/pkg/rest/adapter/account/deleter/provider.go:5.78,7.2 1 0
github.com/m3hm3t/account-client-api/internal/pkg/rest/adapter/account/deleter/provider.go:9.46,12.2 2 0
github.com/m3hm3t/account-client-api/internal/config/app.go:16.13,39.2 5 1
github.com/m3hm3t/account-client-api/internal/config/app.go:41.64,43.41 2 4
github.com/m3hm3t/account-client-api/internal/config/app.go:48.2,48.12 1 4
github.com/m3hm3t/account-client-api/internal/config/app.go:43.41,45.3 1 4
github.com/m3hm3t/account-client-api/internal/config/app.go:45.8,47.3 1 0
github.com/m3hm3t/account-client-api/internal/pkg/rest/adapter/account/fetcher/errors.go:7.51,9.2 1 0
github.com/m3hm3t/account-client-api/internal/pkg/rest/adapter/account/creator/errors.go:7.51,9.2 1 0
github.com/m3hm3t/account-client-api/internal/pkg/rest/adapter/account/creator/test/mock_poster_client.go:24.65,28.2 3 0
github.com/m3hm3t/account-client-api/internal/pkg/rest/adapter/account/creator/test/mock_poster_client.go:31.63,33.2 1 0
github.com/m3hm3t/account-client-api/internal/pkg/rest/adapter/account/creator/test/mock_poster_client.go:36.94,43.2 6 0
github.com/m3hm3t/account-client-api/internal/pkg/rest/adapter/account/creator/test/mock_poster_client.go:46.92,49.2 2 0
github.com/m3hm3t/account-client-api/internal/pkg/rest/client/deleter/provider.go:8.45,10.16 2 0
github.com/m3hm3t/account-client-api/internal/pkg/rest/client/deleter/provider.go:14.2,14.46 1 0
github.com/m3hm3t/account-client-api/internal/pkg/rest/client/deleter/provider.go:10.16,11.13 1 0
github.com/m3hm3t/account-client-api/internal/pkg/rest/adapter/account/fetcher/adapter.go:16.62,21.2 1 0
github.com/m3hm3t/account-client-api/internal/pkg/rest/adapter/account/fetcher/adapter.go:23.90,28.16 3 0
github.com/m3hm3t/account-client-api/internal/pkg/rest/adapter/account/fetcher/adapter.go:32.2,32.37 1 0
github.com/m3hm3t/account-client-api/internal/pkg/rest/adapter/account/fetcher/adapter.go:36.2,36.71 1 0
github.com/m3hm3t/account-client-api/internal/pkg/rest/adapter/account/fetcher/adapter.go:40.2,40.12 1 0
github.com/m3hm3t/account-client-api/internal/pkg/rest/adapter/account/fetcher/adapter.go:28.16,30.3 1 0
github.com/m3hm3t/account-client-api/internal/pkg/rest/adapter/account/fetcher/adapter.go:32.37,34.3 1 0
github.com/m3hm3t/account-client-api/internal/pkg/rest/adapter/account/fetcher/adapter.go:36.71,38.3 1 0
github.com/m3hm3t/account-client-api/internal/pkg/rest/adapter/account/fetcher/adapter.go:43.94,46.16 2 0
github.com/m3hm3t/account-client-api/internal/pkg/rest/adapter/account/fetcher/adapter.go:50.2,50.12 1 0
github.com/m3hm3t/account-client-api/internal/pkg/rest/adapter/account/fetcher/adapter.go:46.16,48.3 1 0
github.com/m3hm3t/account-client-api/internal/pkg/rest/client/poster/client.go:16.62,22.2 1 0
github.com/m3hm3t/account-client-api/internal/pkg/rest/client/poster/client.go:24.96,27.16 2 0
github.com/m3hm3t/account-client-api/internal/pkg/rest/client/poster/client.go:31.2,32.16 2 0
github.com/m3hm3t/account-client-api/internal/pkg/rest/client/poster/client.go:36.2,39.16 3 0
github.com/m3hm3t/account-client-api/internal/pkg/rest/client/poster/client.go:43.2,45.16 3 0
github.com/m3hm3t/account-client-api/internal/pkg/rest/client/poster/client.go:49.2,49.35 1 0
github.com/m3hm3t/account-client-api/internal/pkg/rest/client/poster/client.go:27.16,29.3 1 0
github.com/m3hm3t/account-client-api/internal/pkg/rest/client/poster/client.go:32.16,34.3 1 0
github.com/m3hm3t/account-client-api/internal/pkg/rest/client/poster/client.go:39.16,41.3 1 0
github.com/m3hm3t/account-client-api/internal/pkg/rest/client/poster/client.go:45.16,47.3 1 0
github.com/m3hm3t/account-client-api/internal/pkg/rest/adapter/account/creator/provider.go:7.73,9.2 1 0
github.com/m3hm3t/account-client-api/internal/pkg/rest/adapter/account/creator/provider.go:11.46,14.2 2 0
github.com/m3hm3t/account-client-api/internal/pkg/rest/client/deleter/client.go:14.58,20.2 1 0
github.com/m3hm3t/account-client-api/internal/pkg/rest/client/deleter/client.go:22.72,25.16 2 0
github.com/m3hm3t/account-client-api/internal/pkg/rest/client/deleter/client.go:29.2,32.16 3 0
github.com/m3hm3t/account-client-api/internal/pkg/rest/client/deleter/client.go:36.2,38.16 3 0
github.com/m3hm3t/account-client-api/internal/pkg/rest/client/deleter/client.go:42.2,42.29 1 0
github.com/m3hm3t/account-client-api/internal/pkg/rest/client/deleter/client.go:25.16,27.3 1 0
github.com/m3hm3t/account-client-api/internal/pkg/rest/client/deleter/client.go:32.16,34.3 1 0
github.com/m3hm3t/account-client-api/internal/pkg/rest/client/deleter/client.go:38.16,40.3 1 0
github.com/m3hm3t/account-client-api/internal/pkg/rest/adapter/account/deleter/test/mock_deleter_client.go:24.67,28.2 3 2
github.com/m3hm3t/account-client-api/internal/pkg/rest/adapter/account/deleter/test/mock_deleter_client.go:31.65,33.2 1 2
github.com/m3hm3t/account-client-api/internal/pkg/rest/adapter/account/deleter/test/mock_deleter_client.go:36.70,42.2 5 2
github.com/m3hm3t/account-client-api/internal/pkg/rest/adapter/account/deleter/test/mock_deleter_client.go:45.88,48.2 2 2
github.com/m3hm3t/account-client-api/internal/pkg/rest/client/getter/client.go:14.62,20.2 1 0
github.com/m3hm3t/account-client-api/internal/pkg/rest/client/getter/client.go:22.76,24.16 2 0
github.com/m3hm3t/account-client-api/internal/pkg/rest/client/getter/client.go:28.2,31.16 3 0
github.com/m3hm3t/account-client-api/internal/pkg/rest/client/getter/client.go:35.2,37.16 3 0
github.com/m3hm3t/account-client-api/internal/pkg/rest/client/getter/client.go:41.2,41.35 1 0
github.com/m3hm3t/account-client-api/internal/pkg/rest/client/getter/client.go:24.16,26.3 1 0
github.com/m3hm3t/account-client-api/internal/pkg/rest/client/getter/client.go:31.16,33.3 1 0
github.com/m3hm3t/account-client-api/internal/pkg/rest/client/getter/client.go:37.16,39.3 1 0
github.com/m3hm3t/account-client-api/internal/pkg/rest/adapter/account/fetcher/test/mock_getter_client.go:24.65,28.2 3 0
github.com/m3hm3t/account-client-api/internal/pkg/rest/adapter/account/fetcher/test/mock_getter_client.go:31.63,33.2 1 0
github.com/m3hm3t/account-client-api/internal/pkg/rest/adapter/account/fetcher/test/mock_getter_client.go:36.74,43.2 6 0
github.com/m3hm3t/account-client-api/internal/pkg/rest/adapter/account/fetcher/test/mock_getter_client.go:46.84,49.2 2 0
github.com/m3hm3t/account-client-api/internal/pkg/rest/adapter/account/creator/test/mock_poster_client.go:24.65,28.2 3 4
github.com/m3hm3t/account-client-api/internal/pkg/rest/adapter/account/creator/test/mock_poster_client.go:31.63,33.2 1 4
github.com/m3hm3t/account-client-api/internal/pkg/rest/adapter/account/creator/test/mock_poster_client.go:36.94,43.2 6 4
github.com/m3hm3t/account-client-api/internal/pkg/rest/adapter/account/creator/test/mock_poster_client.go:46.92,49.2 2 4
github.com/m3hm3t/account-client-api/internal/pkg/rest/client/poster/client.go:16.62,22.2 1 0
github.com/m3hm3t/account-client-api/internal/pkg/rest/client/poster/client.go:24.96,27.16 2 0
github.com/m3hm3t/account-client-api/internal/pkg/rest/client/poster/client.go:31.2,32.16 2 0
github.com/m3hm3t/account-client-api/internal/pkg/rest/client/poster/client.go:36.2,39.16 3 0
github.com/m3hm3t/account-client-api/internal/pkg/rest/client/poster/client.go:43.2,45.16 3 0
github.com/m3hm3t/account-client-api/internal/pkg/rest/client/poster/client.go:49.2,49.35 1 0
github.com/m3hm3t/account-client-api/internal/pkg/rest/client/poster/client.go:27.16,29.3 1 0
github.com/m3hm3t/account-client-api/internal/pkg/rest/client/poster/client.go:32.16,34.3 1 0
github.com/m3hm3t/account-client-api/internal/pkg/rest/client/poster/client.go:39.16,41.3 1 0
github.com/m3hm3t/account-client-api/internal/pkg/rest/client/poster/client.go:45.16,47.3 1 0
github.com/m3hm3t/account-client-api/internal/pkg/rest/adapter/account/creator/errors.go:7.51,9.2 1 1
github.com/m3hm3t/account-client-api/internal/pkg/rest/client/deleter/errors.go:10.79,12.2 1 0
github.com/m3hm3t/account-client-api/internal/pkg/rest/adapter/account/fetcher/errors.go:7.51,9.2 1 0
github.com/m3hm3t/account-client-api/internal/pkg/rest/client/deleter/client.go:14.58,20.2 1 0
github.com/m3hm3t/account-client-api/internal/pkg/rest/client/deleter/client.go:22.72,25.16 2 0
github.com/m3hm3t/account-client-api/internal/pkg/rest/client/deleter/client.go:29.2,32.16 3 0
github.com/m3hm3t/account-client-api/internal/pkg/rest/client/deleter/client.go:36.2,38.16 3 0
github.com/m3hm3t/account-client-api/internal/pkg/rest/client/deleter/client.go:42.2,42.29 1 0
github.com/m3hm3t/account-client-api/internal/pkg/rest/client/deleter/client.go:25.16,27.3 1 0
github.com/m3hm3t/account-client-api/internal/pkg/rest/client/deleter/client.go:32.16,34.3 1 0
github.com/m3hm3t/account-client-api/internal/pkg/rest/client/deleter/client.go:38.16,40.3 1 0
github.com/m3hm3t/account-client-api/internal/pkg/rest/client/getter/client.go:14.62,20.2 1 0
github.com/m3hm3t/account-client-api/internal/pkg/rest/client/getter/client.go:22.76,24.16 2 0
github.com/m3hm3t/account-client-api/internal/pkg/rest/client/getter/client.go:28.2,31.16 3 0
github.com/m3hm3t/account-client-api/internal/pkg/rest/client/getter/client.go:35.2,37.16 3 0
github.com/m3hm3t/account-client-api/internal/pkg/rest/client/getter/client.go:41.2,41.35 1 0
github.com/m3hm3t/account-client-api/internal/pkg/rest/client/getter/client.go:24.16,26.3 1 0
github.com/m3hm3t/account-client-api/internal/pkg/rest/client/getter/client.go:31.16,33.3 1 0
github.com/m3hm3t/account-client-api/internal/pkg/rest/client/getter/client.go:37.16,39.3 1 0
github.com/m3hm3t/account-client-api/internal/pkg/rest/adapter/account/fetcher/adapter.go:16.62,21.2 1 0
github.com/m3hm3t/account-client-api/internal/pkg/rest/adapter/account/fetcher/adapter.go:23.90,28.16 3 0
github.com/m3hm3t/account-client-api/internal/pkg/rest/adapter/account/fetcher/adapter.go:32.2,32.37 1 0
github.com/m3hm3t/account-client-api/internal/pkg/rest/adapter/account/fetcher/adapter.go:36.2,36.71 1 0
github.com/m3hm3t/account-client-api/internal/pkg/rest/adapter/account/fetcher/adapter.go:40.2,40.12 1 0
github.com/m3hm3t/account-client-api/internal/pkg/rest/adapter/account/fetcher/adapter.go:28.16,30.3 1 0
github.com/m3hm3t/account-client-api/internal/pkg/rest/adapter/account/fetcher/adapter.go:32.37,34.3 1 0
github.com/m3hm3t/account-client-api/internal/pkg/rest/adapter/account/fetcher/adapter.go:36.71,38.3 1 0
github.com/m3hm3t/account-client-api/internal/pkg/rest/adapter/account/fetcher/adapter.go:43.94,46.16 2 0
github.com/m3hm3t/account-client-api/internal/pkg/rest/adapter/account/fetcher/adapter.go:50.2,50.12 1 0
github.com/m3hm3t/account-client-api/internal/pkg/rest/adapter/account/fetcher/adapter.go:46.16,48.3 1 0
github.com/m3hm3t/account-client-api/internal/pkg/rest/adapter/account/creator/provider.go:7.73,9.2 1 0
github.com/m3hm3t/account-client-api/internal/pkg/rest/adapter/account/creator/provider.go:11.46,14.2 2 0
github.com/m3hm3t/account-client-api/internal/pkg/rest/client/getter/errors.go:10.79,12.2 1 0
github.com/m3hm3t/account-client-api/internal/pkg/rest/client/poster/errors.go:10.79,12.2 1 0
github.com/m3hm3t/account-client-api/internal/pkg/rest/adapter/account/deleter/adapter.go:14.71,19.2 1 0
github.com/m3hm3t/account-client-api/internal/pkg/rest/adapter/account/deleter/adapter.go:21.80,25.16 3 0
github.com/m3hm3t/account-client-api/internal/pkg/rest/adapter/account/deleter/adapter.go:29.2,29.28 1 0
github.com/m3hm3t/account-client-api/internal/pkg/rest/adapter/account/deleter/adapter.go:25.16,27.3 1 0
github.com/m3hm3t/account-client-api/internal/pkg/rest/adapter/account/deleter/provider.go:5.78,7.2 1 0
github.com/m3hm3t/account-client-api/internal/pkg/rest/adapter/account/deleter/provider.go:9.46,12.2 2 0
github.com/m3hm3t/account-client-api/internal/pkg/examples/fetch_error.go:10.13,19.16 5 0
github.com/m3hm3t/account-client-api/internal/pkg/examples/fetch_error.go:24.2,26.16 3 0
github.com/m3hm3t/account-client-api/internal/pkg/examples/fetch_error.go:19.16,21.3 1 0
github.com/m3hm3t/account-client-api/internal/pkg/examples/fetch_error.go:26.16,28.3 1 0
github.com/m3hm3t/account-client-api/internal/pkg/rest/client/poster/provider.go:8.40,10.16 2 0
github.com/m3hm3t/account-client-api/internal/pkg/rest/client/poster/provider.go:14.2,14.51 1 0
github.com/m3hm3t/account-client-api/internal/pkg/rest/client/poster/provider.go:10.16,11.13 1 0
github.com/m3hm3t/account-client-api/internal/pkg/rest/client/deleter/provider.go:8.45,10.16 2 0
github.com/m3hm3t/account-client-api/internal/pkg/rest/client/deleter/provider.go:14.2,14.46 1 0
github.com/m3hm3t/account-client-api/internal/pkg/rest/client/deleter/provider.go:10.16,11.13 1 0
github.com/m3hm3t/account-client-api/internal/config/app.go:16.13,39.2 5 1
github.com/m3hm3t/account-client-api/internal/config/app.go:41.64,43.41 2 4
github.com/m3hm3t/account-client-api/internal/config/app.go:48.2,48.12 1 4
github.com/m3hm3t/account-client-api/internal/config/app.go:43.41,45.3 1 4
github.com/m3hm3t/account-client-api/internal/config/app.go:45.8,47.3 1 0
github.com/m3hm3t/account-client-api/internal/pkg/rest/client/getter/provider.go:8.43,10.16 2 0
github.com/m3hm3t/account-client-api/internal/pkg/rest/client/getter/provider.go:14.2,14.51 1 0
github.com/m3hm3t/account-client-api/internal/pkg/rest/client/getter/provider.go:10.16,11.13 1 0
github.com/m3hm3t/account-client-api/internal/pkg/rest/adapter/account/fetcher/provider.go:5.73,7.2 1 0
github.com/m3hm3t/account-client-api/internal/pkg/rest/adapter/account/fetcher/provider.go:8.46,11.2 2 0
github.com/m3hm3t/account-client-api/internal/pkg/rest/adapter/account/creator/adapter.go:16.62,21.2 1 4
github.com/m3hm3t/account-client-api/internal/pkg/rest/adapter/account/creator/adapter.go:23.104,26.16 2 4
github.com/m3hm3t/account-client-api/internal/pkg/rest/adapter/account/creator/adapter.go:30.2,30.42 1 3
github.com/m3hm3t/account-client-api/internal/pkg/rest/adapter/account/creator/adapter.go:34.2,34.71 1 2
github.com/m3hm3t/account-client-api/internal/pkg/rest/adapter/account/creator/adapter.go:38.2,38.12 1 1
github.com/m3hm3t/account-client-api/internal/pkg/rest/adapter/account/creator/adapter.go:26.16,28.3 1 1
github.com/m3hm3t/account-client-api/internal/pkg/rest/adapter/account/creator/adapter.go:30.42,32.3 1 1
github.com/m3hm3t/account-client-api/internal/pkg/rest/adapter/account/creator/adapter.go:34.71,36.3 1 1
github.com/m3hm3t/account-client-api/internal/pkg/rest/adapter/account/creator/adapter.go:41.94,44.16 2 2
github.com/m3hm3t/account-client-api/internal/pkg/rest/adapter/account/creator/adapter.go:48.2,48.12 1 1
github.com/m3hm3t/account-client-api/internal/pkg/rest/adapter/account/creator/adapter.go:44.16,46.3 1 1
github.com/m3hm3t/account-client-api/internal/pkg/rest/adapter/account/deleter/test/mock_deleter_client.go:24.67,28.2 3 0
github.com/m3hm3t/account-client-api/internal/pkg/rest/adapter/account/deleter/test/mock_deleter_client.go:31.65,33.2 1 0
github.com/m3hm3t/account-client-api/internal/pkg/rest/adapter/account/deleter/test/mock_deleter_client.go:36.70,42.2 5 0
github.com/m3hm3t/account-client-api/internal/pkg/rest/adapter/account/deleter/test/mock_deleter_client.go:45.88,48.2 2 0
github.com/m3hm3t/account-client-api/internal/config/app.go:16.13,39.2 5 1
github.com/m3hm3t/account-client-api/internal/config/app.go:41.64,43.41 2 4
github.com/m3hm3t/account-client-api/internal/config/app.go:48.2,48.12 1 4
github.com/m3hm3t/account-client-api/internal/config/app.go:43.41,45.3 1 4
github.com/m3hm3t/account-client-api/internal/config/app.go:45.8,47.3 1 0
github.com/m3hm3t/account-client-api/internal/pkg/examples/fetch_error.go:10.13,19.16 5 0
github.com/m3hm3t/account-client-api/internal/pkg/examples/fetch_error.go:24.2,26.16 3 0
github.com/m3hm3t/account-client-api/internal/pkg/examples/fetch_error.go:19.16,21.3 1 0
github.com/m3hm3t/account-client-api/internal/pkg/examples/fetch_error.go:26.16,28.3 1 0
github.com/m3hm3t/account-client-api/internal/pkg/rest/client/poster/errors.go:10.79,12.2 1 0
github.com/m3hm3t/account-client-api/internal/pkg/rest/client/poster/provider.go:8.40,10.16 2 0
github.com/m3hm3t/account-client-api/internal/pkg/rest/client/poster/provider.go:14.2,14.51 1 0
github.com/m3hm3t/account-client-api/internal/pkg/rest/client/poster/provider.go:10.16,11.13 1 0
github.com/m3hm3t/account-client-api/internal/pkg/rest/client/getter/errors.go:10.79,12.2 1 0
github.com/m3hm3t/account-client-api/internal/pkg/rest/adapter/account/creator/adapter.go:16.62,21.2 1 0
github.com/m3hm3t/account-client-api/internal/pkg/rest/adapter/account/creator/adapter.go:23.104,26.16 2 0
github.com/m3hm3t/account-client-api/internal/pkg/rest/adapter/account/creator/adapter.go:30.2,30.42 1 0
github.com/m3hm3t/account-client-api/internal/pkg/rest/adapter/account/creator/adapter.go:34.2,34.71 1 0
github.com/m3hm3t/account-client-api/internal/pkg/rest/adapter/account/creator/adapter.go:38.2,38.12 1 0
github.com/m3hm3t/account-client-api/internal/pkg/rest/adapter/account/creator/adapter.go:26.16,28.3 1 0
github.com/m3hm3t/account-client-api/internal/pkg/rest/adapter/account/creator/adapter.go:30.42,32.3 1 0
github.com/m3hm3t/account-client-api/internal/pkg/rest/adapter/account/creator/adapter.go:34.71,36.3 1 0
github.com/m3hm3t/account-client-api/internal/pkg/rest/adapter/account/creator/adapter.go:41.94,44.16 2 0
github.com/m3hm3t/account-client-api/internal/pkg/rest/adapter/account/creator/adapter.go:48.2,48.12 1 0
github.com/m3hm3t/account-client-api/internal/pkg/rest/adapter/account/creator/adapter.go:44.16,46.3 1 0
github.com/m3hm3t/account-client-api/internal/pkg/rest/client/deleter/errors.go:10.79,12.2 1 0
github.com/m3hm3t/account-client-api/internal/pkg/rest/adapter/account/deleter/test/mock_deleter_client.go:24.67,28.2 3 0
github.com/m3hm3t/account-client-api/internal/pkg/rest/adapter/account/deleter/test/mock_deleter_client.go:31.65,33.2 1 0
github.com/m3hm3t/account-client-api/internal/pkg/rest/adapter/account/deleter/test/mock_deleter_client.go:36.70,42.2 5 0
github.com/m3hm3t/account-client-api/internal/pkg/rest/adapter/account/deleter/test/mock_deleter_client.go:45.88,48.2 2 0
github.com/m3hm3t/account-client-api/internal/pkg/rest/adapter/account/fetcher/test/mock_getter_client.go:24.65,28.2 3 5
github.com/m3hm3t/account-client-api/internal/pkg/rest/adapter/account/fetcher/test/mock_getter_client.go:31.63,33.2 1 5
github.com/m3hm3t/account-client-api/internal/pkg/rest/adapter/account/fetcher/test/mock_getter_client.go:36.74,43.2 6 5
github.com/m3hm3t/account-client-api/internal/pkg/rest/adapter/account/fetcher/test/mock_getter_client.go:46.84,49.2 2 5
github.com/m3hm3t/account-client-api/internal/pkg/rest/adapter/account/creator/test/mock_poster_client.go:24.65,28.2 3 0
github.com/m3hm3t/account-client-api/internal/pkg/rest/adapter/account/creator/test/mock_poster_client.go:31.63,33.2 1 0
github.com/m3hm3t/account-client-api/internal/pkg/rest/adapter/account/creator/test/mock_poster_client.go:36.94,43.2 6 0
github.com/m3hm3t/account-client-api/internal/pkg/rest/adapter/account/creator/test/mock_poster_client.go:46.92,49.2 2 0
github.com/m3hm3t/account-client-api/internal/pkg/rest/client/getter/provider.go:8.43,10.16 2 0
github.com/m3hm3t/account-client-api/internal/pkg/rest/client/getter/provider.go:14.2,14.51 1 0
github.com/m3hm3t/account-client-api/internal/pkg/rest/client/getter/provider.go:10.16,11.13 1 0
github.com/m3hm3t/account-client-api/internal/pkg/rest/adapter/account/fetcher/adapter.go:16.62,21.2 1 5
github.com/m3hm3t/account-client-api/internal/pkg/rest/adapter/account/fetcher/adapter.go:23.90,28.16 3 5
github.com/m3hm3t/account-client-api/internal/pkg/rest/adapter/account/fetcher/adapter.go:32.2,32.37 1 4
github.com/m3hm3t/account-client-api/internal/pkg/rest/adapter/account/fetcher/adapter.go:36.2,36.71 1 2
github.com/m3hm3t/account-client-api/internal/pkg/rest/adapter/account/fetcher/adapter.go:40.2,40.12 1 1
github.com/m3hm3t/account-client-api/internal/pkg/rest/adapter/account/fetcher/adapter.go:28.16,30.3 1 1
github.com/m3hm3t/account-client-api/internal/pkg/rest/adapter/account/fetcher/adapter.go:32.37,34.3 1 2
github.com/m3hm3t/account-client-api/internal/pkg/rest/adapter/account/fetcher/adapter.go:36.71,38.3 1 1
github.com/m3hm3t/account-client-api/internal/pkg/rest/adapter/account/fetcher/adapter.go:43.94,46.16 2 2
github.com/m3hm3t/account-client-api/internal/pkg/rest/adapter/account/fetcher/adapter.go:50.2,50.12 1 1
github.com/m3hm3t/account-client-api/internal/pkg/rest/adapter/account/fetcher/adapter.go:46.16,48.3 1 1
github.com/m3hm3t/account-client-api/internal/pkg/rest/adapter/account/deleter/adapter.go:14.71,19.2 1 0
github.com/m3hm3t/account-client-api/internal/pkg/rest/adapter/account/deleter/adapter.go:21.80,25.16 3 0
github.com/m3hm3t/account-client-api/internal/pkg/rest/adapter/account/deleter/adapter.go:29.2,29.28 1 0
github.com/m3hm3t/account-client-api/internal/pkg/rest/adapter/account/deleter/adapter.go:25.16,27.3 1 0
github.com/m3hm3t/account-client-api/internal/pkg/rest/adapter/account/creator/errors.go:7.51,9.2 1 0
github.com/m3hm3t/account-client-api/internal/pkg/rest/client/deleter/client.go:14.58,20.2 1 0
github.com/m3hm3t/account-client-api/internal/pkg/rest/client/deleter/client.go:22.72,25.16 2 0
github.com/m3hm3t/account-client-api/internal/pkg/rest/client/deleter/client.go:29.2,32.16 3 0
github.com/m3hm3t/account-client-api/internal/pkg/rest/client/deleter/client.go:36.2,38.16 3 0
github.com/m3hm3t/account-client-api/internal/pkg/rest/client/deleter/client.go:42.2,42.29 1 0
github.com/m3hm3t/account-client-api/internal/pkg/rest/client/deleter/client.go:25.16,27.3 1 0
github.com/m3hm3t/account-client-api/internal/pkg/rest/client/deleter/client.go:32.16,34.3 1 0
github.com/m3hm3t/account-client-api/internal/pkg/rest/client/deleter/client.go:38.16,40.3 1 0
github.com/m3hm3t/account-client-api/internal/pkg/rest/adapter/account/deleter/provider.go:5.78,7.2 1 0
github.com/m3hm3t/account-client-api/internal/pkg/rest/adapter/account/deleter/provider.go:9.46,12.2 2 0
github.com/m3hm3t/account-client-api/internal/pkg/rest/adapter/account/fetcher/provider.go:5.73,7.2 1 0
github.com/m3hm3t/account-client-api/internal/pkg/rest/adapter/account/fetcher/provider.go:8.46,11.2 2 0
github.com/m3hm3t/account-client-api/internal/pkg/rest/adapter/account/creator/provider.go:7.73,9.2 1 0
github.com/m3hm3t/account-client-api/internal/pkg/rest/adapter/account/creator/provider.go:11.46,14.2 2 0
github.com/m3hm3t/account-client-api/internal/pkg/rest/client/deleter/provider.go:8.45,10.16 2 0
github.com/m3hm3t/account-client-api/internal/pkg/rest/client/deleter/provider.go:14.2,14.46 1 0
github.com/m3hm3t/account-client-api/internal/pkg/rest/client/deleter/provider.go:10.16,11.13 1 0
github.com/m3hm3t/account-client-api/internal/pkg/rest/client/getter/client.go:14.62,20.2 1 0
github.com/m3hm3t/account-client-api/internal/pkg/rest/client/getter/client.go:22.76,24.16 2 0
github.com/m3hm3t/account-client-api/internal/pkg/rest/client/getter/client.go:28.2,31.16 3 0
github.com/m3hm3t/account-client-api/internal/pkg/rest/client/getter/client.go:35.2,37.16 3 0
github.com/m3hm3t/account-client-api/internal/pkg/rest/client/getter/client.go:41.2,41.35 1 0
github.com/m3hm3t/account-client-api/internal/pkg/rest/client/getter/client.go:24.16,26.3 1 0
github.com/m3hm3t/account-client-api/internal/pkg/rest/client/getter/client.go:31.16,33.3 1 0
github.com/m3hm3t/account-client-api/internal/pkg/rest/client/getter/client.go:37.16,39.3 1 0
github.com/m3hm3t/account-client-api/internal/pkg/rest/adapter/account/fetcher/errors.go:7.51,9.2 1 2
github.com/m3hm3t/account-client-api/internal/pkg/rest/client/poster/client.go:16.62,22.2 1 0
github.com/m3hm3t/account-client-api/internal/pkg/rest/client/poster/client.go:24.96,27.16 2 0
github.com/m3hm3t/account-client-api/internal/pkg/rest/client/poster/client.go:31.2,32.16 2 0
github.com/m3hm3t/account-client-api/internal/pkg/rest/client/poster/client.go:36.2,39.16 3 0
github.com/m3hm3t/account-client-api/internal/pkg/rest/client/poster/client.go:43.2,45.16 3 0
github.com/m3hm3t/account-client-api/internal/pkg/rest/client/poster/client.go:49.2,49.35 1 0
github.com/m3hm3t/account-client-api/internal/pkg/rest/client/poster/client.go:27.16,29.3 1 0
github.com/m3hm3t/account-client-api/internal/pkg/rest/client/poster/client.go:32.16,34.3 1 0
github.com/m3hm3t/account-client-api/internal/pkg/rest/client/poster/client.go:39.16,41.3 1 0
github.com/m3hm3t/account-client-api/internal/pkg/rest/client/poster/client.go:45.16,47.3 1 0
github.com/m3hm3t/account-client-api/internal/pkg/rest/client/getter/provider.go:8.43,10.16 2 2
github.com/m3hm3t/account-client-api/internal/pkg/rest/client/getter/provider.go:14.2,14.51 1 2
github.com/m3hm3t/account-client-api/internal/pkg/rest/client/getter/provider.go:10.16,11.13 1 0
github.com/m3hm3t/account-client-api/internal/pkg/rest/adapter/account/creator/test/mock_poster_client.go:24.65,28.2 3 0
github.com/m3hm3t/account-client-api/internal/pkg/rest/adapter/account/creator/test/mock_poster_client.go:31.63,33.2 1 0
github.com/m3hm3t/account-client-api/internal/pkg/rest/adapter/account/creator/test/mock_poster_client.go:36.94,43.2 6 0
github.com/m3hm3t/account-client-api/internal/pkg/rest/adapter/account/creator/test/mock_poster_client.go:46.92,49.2 2 0
github.com/m3hm3t/account-client-api/internal/pkg/rest/adapter/account/deleter/adapter.go:14.71,19.2 1 1
github.com/m3hm3t/account-client-api/internal/pkg/rest/adapter/account/deleter/adapter.go:21.80,25.16 3 1
github.com/m3hm3t/account-client-api/internal/pkg/rest/adapter/account/deleter/adapter.go:29.2,29.28 1 1
github.com/m3hm3t/account-client-api/internal/pkg/rest/adapter/account/deleter/adapter.go:25.16,27.3 1 0
github.com/m3hm3t/account-client-api/internal/pkg/examples/fetch_error.go:10.13,19.16 5 0
github.com/m3hm3t/account-client-api/internal/pkg/examples/fetch_error.go:24.2,26.16 3 0
github.com/m3hm3t/account-client-api/internal/pkg/examples/fetch_error.go:19.16,21.3 1 0
github.com/m3hm3t/account-client-api/internal/pkg/examples/fetch_error.go:26.16,28.3 1 0
github.com/m3hm3t/account-client-api/internal/pkg/rest/adapter/account/creator/errors.go:7.51,9.2 1 1
github.com/m3hm3t/account-client-api/internal/pkg/rest/adapter/account/creator/provider.go:7.73,9.2 1 0
github.com/m3hm3t/account-client-api/internal/pkg/rest/adapter/account/creator/provider.go:11.46,14.2 2 2
github.com/m3hm3t/account-client-api/internal/pkg/rest/client/getter/errors.go:10.79,12.2 1 0
github.com/m3hm3t/account-client-api/internal/pkg/rest/client/poster/errors.go:10.79,12.2 1 0
github.com/m3hm3t/account-client-api/internal/pkg/rest/adapter/account/deleter/provider.go:5.78,7.2 1 0
github.com/m3hm3t/account-client-api/internal/pkg/rest/adapter/account/deleter/provider.go:9.46,12.2 2 1
github.com/m3hm3t/account-client-api/internal/pkg/rest/client/getter/client.go:14.62,20.2 1 2
github.com/m3hm3t/account-client-api/internal/pkg/rest/client/getter/client.go:22.76,24.16 2 2
github.com/m3hm3t/account-client-api/internal/pkg/rest/client/getter/client.go:28.2,31.16 3 2
github.com/m3hm3t/account-client-api/internal/pkg/rest/client/getter/client.go:35.2,37.16 3 2
github.com/m3hm3t/account-client-api/internal/pkg/rest/client/getter/client.go:41.2,41.35 1 2
github.com/m3hm3t/account-client-api/internal/pkg/rest/client/getter/client.go:24.16,26.3 1 0
github.com/m3hm3t/account-client-api/internal/pkg/rest/client/getter/client.go:31.16,33.3 1 0
github.com/m3hm3t/account-client-api/internal/pkg/rest/client/getter/client.go:37.16,39.3 1 0
github.com/m3hm3t/account-client-api/internal/pkg/rest/adapter/account/fetcher/errors.go:7.51,9.2 1 1
github.com/m3hm3t/account-client-api/internal/pkg/rest/adapter/account/fetcher/provider.go:5.73,7.2 1 0
github.com/m3hm3t/account-client-api/internal/pkg/rest/adapter/account/fetcher/provider.go:8.46,11.2 2 2
github.com/m3hm3t/account-client-api/internal/pkg/rest/client/deleter/client.go:14.58,20.2 1 1
github.com/m3hm3t/account-client-api/internal/pkg/rest/client/deleter/client.go:22.72,25.16 2 1
github.com/m3hm3t/account-client-api/internal/pkg/rest/client/deleter/client.go:29.2,32.16 3 1
github.com/m3hm3t/account-client-api/internal/pkg/rest/client/deleter/client.go:36.2,38.16 3 1
github.com/m3hm3t/account-client-api/internal/pkg/rest/client/deleter/client.go:42.2,42.29 1 1
github.com/m3hm3t/account-client-api/internal/pkg/rest/client/deleter/client.go:25.16,27.3 1 0
github.com/m3hm3t/account-client-api/internal/pkg/rest/client/deleter/client.go:32.16,34.3 1 0
github.com/m3hm3t/account-client-api/internal/pkg/rest/client/deleter/client.go:38.16,40.3 1 0
github.com/m3hm3t/account-client-api/internal/pkg/rest/client/poster/client.go:16.62,22.2 1 2
github.com/m3hm3t/account-client-api/internal/pkg/rest/client/poster/client.go:24.96,27.16 2 2
github.com/m3hm3t/account-client-api/internal/pkg/rest/client/poster/client.go:31.2,32.16 2 2
github.com/m3hm3t/account-client-api/internal/pkg/rest/client/poster/client.go:36.2,39.16 3 2
github.com/m3hm3t/account-client-api/internal/pkg/rest/client/poster/client.go:43.2,45.16 3 2
github.com/m3hm3t/account-client-api/internal/pkg/rest/client/poster/client.go:49.2,49.35 1 2
github.com/m3hm3t/account-client-api/internal/pkg/rest/client/poster/client.go:27.16,29.3 1 0
github.com/m3hm3t/account-client-api/internal/pkg/rest/client/poster/client.go:32.16,34.3 1 0
github.com/m3hm3t/account-client-api/internal/pkg/rest/client/poster/client.go:39.16,41.3 1 0
github.com/m3hm3t/account-client-api/internal/pkg/rest/client/poster/client.go:45.16,47.3 1 0
github.com/m3hm3t/account-client-api/internal/pkg/rest/client/deleter/errors.go:10.79,12.2 1 0
github.com/m3hm3t/account-client-api/internal/config/app.go:16.13,39.2 5 1
github.com/m3hm3t/account-client-api/internal/config/app.go:41.64,43.41 2 4
github.com/m3hm3t/account-client-api/internal/config/app.go:48.2,48.12 1 4
github.com/m3hm3t/account-client-api/internal/config/app.go:43.41,45.3 1 4
github.com/m3hm3t/account-client-api/internal/config/app.go:45.8,47.3 1 0
github.com/m3hm3t/account-client-api/internal/pkg/rest/adapter/account/fetcher/adapter.go:16.62,21.2 1 2
github.com/m3hm3t/account-client-api/internal/pkg/rest/adapter/account/fetcher/adapter.go:23.90,28.16 3 2
github.com/m3hm3t/account-client-api/internal/pkg/rest/adapter/account/fetcher/adapter.go:32.2,32.37 1 2
github.com/m3hm3t/account-client-api/internal/pkg/rest/adapter/account/fetcher/adapter.go:36.2,36.71 1 1
github.com/m3hm3t/account-client-api/internal/pkg/rest/adapter/account/fetcher/adapter.go:40.2,40.12 1 1
github.com/m3hm3t/account-client-api/internal/pkg/rest/adapter/account/fetcher/adapter.go:28.16,30.3 1 0
github.com/m3hm3t/account-client-api/internal/pkg/rest/adapter/account/fetcher/adapter.go:32.37,34.3 1 1
github.com/m3hm3t/account-client-api/internal/pkg/rest/adapter/account/fetcher/adapter.go:36.71,38.3 1 0
github.com/m3hm3t/account-client-api/internal/pkg/rest/adapter/account/fetcher/adapter.go:43.94,46.16 2 1
github.com/m3hm3t/account-client-api/internal/pkg/rest/adapter/account/fetcher/adapter.go:50.2,50.12 1 1
github.com/m3hm3t/account-client-api/internal/pkg/rest/adapter/account/fetcher/adapter.go:46.16,48.3 1 0
github.com/m3hm3t/account-client-api/internal/pkg/rest/client/poster/provider.go:8.40,10.16 2 2
github.com/m3hm3t/account-client-api/internal/pkg/rest/client/poster/provider.go:14.2,14.51 1 2
github.com/m3hm3t/account-client-api/internal/pkg/rest/client/poster/provider.go:10.16,11.13 1 0
github.com/m3hm3t/account-client-api/internal/pkg/rest/client/deleter/provider.go:8.45,10.16 2 1
github.com/m3hm3t/account-client-api/internal/pkg/rest/client/deleter/provider.go:14.2,14.46 1 1
github.com/m3hm3t/account-client-api/internal/pkg/rest/client/deleter/provider.go:10.16,11.13 1 0
github.com/m3hm3t/account-client-api/internal/pkg/rest/adapter/account/creator/adapter.go:16.62,21.2 1 2
github.com/m3hm3t/account-client-api/internal/pkg/rest/adapter/account/creator/adapter.go:23.104,26.16 2 2
github.com/m3hm3t/account-client-api/internal/pkg/rest/adapter/account/creator/adapter.go:30.2,30.42 1 2
github.com/m3hm3t/account-client-api/internal/pkg/rest/adapter/account/creator/adapter.go:34.2,34.71 1 1
github.com/m3hm3t/account-client-api/internal/pkg/rest/adapter/account/creator/adapter.go:38.2,38.12 1 1
github.com/m3hm3t/account-client-api/internal/pkg/rest/adapter/account/creator/adapter.go:26.16,28.3 1 0
github.com/m3hm3t/account-client-api/internal/pkg/rest/adapter/account/creator/adapter.go:30.42,32.3 1 1
github.com/m3hm3t/account-client-api/internal/pkg/rest/adapter/account/creator/adapter.go:34.71,36.3 1 0
github.com/m3hm3t/account-client-api/internal/pkg/rest/adapter/account/creator/adapter.go:41.94,44.16 2 1
github.com/m3hm3t/account-client-api/internal/pkg/rest/adapter/account/creator/adapter.go:48.2,48.12 1 1
github.com/m3hm3t/account-client-api/internal/pkg/rest/adapter/account/creator/adapter.go:44.16,46.3 1 0
github.com/m3hm3t/account-client-api/internal/pkg/rest/adapter/account/deleter/test/mock_deleter_client.go:24.67,28.2 3 0
github.com/m3hm3t/account-client-api/internal/pkg/rest/adapter/account/deleter/test/mock_deleter_client.go:31.65,33.2 1 0
github.com/m3hm3t/account-client-api/internal/pkg/rest/adapter/account/deleter/test/mock_deleter_client.go:36.70,42.2 5 0
github.com/m3hm3t/account-client-api/internal/pkg/rest/adapter/account/deleter/test/mock_deleter_client.go:45.88,48.2 2 0
github.com/m3hm3t/account-client-api/internal/pkg/rest/adapter/account/fetcher/test/mock_getter_client.go:24.65,28.2 3 0
github.com/m3hm3t/account-client-api/internal/pkg/rest/adapter/account/fetcher/test/mock_getter_client.go:31.63,33.2 1 0
github.com/m3hm3t/account-client-api/internal/pkg/rest/adapter/account/fetcher/test/mock_getter_client.go:36.74,43.2 6 0
github.com/m3hm3t/account-client-api/internal/pkg/rest/adapter/account/fetcher/test/mock_getter_client.go:46.84,49.2 2 0
